No checkpoint path provided, not restoring from checkpoint
Checkpoint path: /home/epon/mujoco_playground/logs/Go1Handstand-20251203-230746/checkpoints
Traceback (most recent call last):
  File "/home/epon/anaconda3/envs/Doggy/lib/python3.11/site-packages/jax/_src/interpreters/pxla.py", line 2854, in _cached_compilation
    xla_executable = compiler.compile_or_get_cached(
                     ^^^^^^^^^^^^^^^^^^^^^^^^^^^^^^^
  File "/home/epon/anaconda3/envs/Doggy/lib/python3.11/site-packages/jax/_src/compiler.py", line 478, in compile_or_get_cached
    return _compile_and_write_cache(
           ^^^^^^^^^^^^^^^^^^^^^^^^^
  File "/home/epon/anaconda3/envs/Doggy/lib/python3.11/site-packages/jax/_src/compiler.py", line 746, in _compile_and_write_cache
    executable = backend_compile_and_load(
                 ^^^^^^^^^^^^^^^^^^^^^^^^^
  File "/home/epon/anaconda3/envs/Doggy/lib/python3.11/site-packages/jax/_src/profiler.py", line 359, in wrapper
    return func(*args, **kwargs)
           ^^^^^^^^^^^^^^^^^^^^^
  File "/home/epon/anaconda3/envs/Doggy/lib/python3.11/site-packages/jax/_src/compiler.py", line 372, in backend_compile_and_load
    raise e
  File "/home/epon/anaconda3/envs/Doggy/lib/python3.11/site-packages/jax/_src/compiler.py", line 362, in backend_compile_and_load
    return backend.compile_and_load(
           ^^^^^^^^^^^^^^^^^^^^^^^^^
jax.errors.JaxRuntimeError: INTERNAL: Autotuner could not compile any configs for HLO: %loop_transpose_fusion.11 = f32[32768,6]{1,0} fusion(%get-tuple-element.1573, %get-tuple-element.1536, %get-tuple-element.1537, %get-tuple-element.1535), kind=kLoop, calls=%fused_transpose.11, metadata={op_name="jit(call_wrapped)/vmap(forward)/fwd_velocity/reshape" source_file="/home/epon/mujoco_playground/learning/train_jax_ppo.py" source_line=453 source_end_line=458 source_column=33 source_end_column=3}

During handling of the above exception, another exception occurred:

Traceback (most recent call last):
  File "/home/epon/mujoco_playground/learning/train_jax_ppo.py", line 538, in <module>
    app.run(main)
  File "/home/epon/anaconda3/envs/Doggy/lib/python3.11/site-packages/absl/app.py", line 316, in run
    _run_main(main, args)
  File "/home/epon/anaconda3/envs/Doggy/lib/python3.11/site-packages/absl/app.py", line 261, in _run_main
    sys.exit(main(argv))
             ^^^^^^^^^^
  File "/home/epon/mujoco_playground/learning/train_jax_ppo.py", line 453, in main
    make_inference_fn, params, _ = train_fn(  # pylint: disable=no-value-for-parameter
                                   ^^^^^^^^^^^^^^^^^^^^^^^^^^^^^^^^^^^^^^^^^^^^^^^^^^^
  File "/home/epon/anaconda3/envs/Doggy/lib/python3.11/site-packages/brax/training/agents/ppo/train.py", line 397, in train
    env_state = reset_fn(key_envs)
                ^^^^^^^^^^^^^^^^^^
  File "/home/epon/anaconda3/envs/Doggy/lib/python3.11/site-packages/jax/_src/pmap.py", line 72, in wrapped
    outs = jitted_f(*flat_global_args)
           ^^^^^^^^^^^^^^^^^^^^^^^^^^^
  File "/home/epon/anaconda3/envs/Doggy/lib/python3.11/site-packages/jax/_src/traceback_util.py", line 195, in reraise_with_filtered_traceback
    return fun(*args, **kwargs)
           ^^^^^^^^^^^^^^^^^^^^
  File "/home/epon/anaconda3/envs/Doggy/lib/python3.11/site-packages/jax/_src/pjit.py", line 264, in cache_miss
    executable, pgle_profiler, const_args) = _python_pjit_helper(
                                             ^^^^^^^^^^^^^^^^^^^^
  File "/home/epon/anaconda3/envs/Doggy/lib/python3.11/site-packages/jax/_src/pjit.py", line 146, in _python_pjit_helper
    out_flat, compiled, profiler, const_args = _pjit_call_impl_python(
                                               ^^^^^^^^^^^^^^^^^^^^^^^
  File "/home/epon/anaconda3/envs/Doggy/lib/python3.11/site-packages/jax/_src/pjit.py", line 1620, in _pjit_call_impl_python
    compiled = computation.compile()
               ^^^^^^^^^^^^^^^^^^^^^
  File "/home/epon/anaconda3/envs/Doggy/lib/python3.11/site-packages/jax/_src/interpreters/pxla.py", line 2527, in compile
    executable = UnloadedMeshExecutable.from_hlo(
                 ^^^^^^^^^^^^^^^^^^^^^^^^^^^^^^^^
  File "/home/epon/anaconda3/envs/Doggy/lib/python3.11/site-packages/jax/_src/interpreters/pxla.py", line 3073, in from_hlo
    xla_executable = _cached_compilation(
                     ^^^^^^^^^^^^^^^^^^^^
  File "/home/epon/anaconda3/envs/Doggy/lib/python3.11/site-packages/jax/_src/interpreters/pxla.py", line 2851, in _cached_compilation
    with dispatch.log_elapsed_time(
  File "/home/epon/anaconda3/envs/Doggy/lib/python3.11/site-packages/jax/_src/dispatch.py", line 200, in __exit__
    def __exit__(self, exc_type, exc_value, traceback):

KeyboardInterrupt
